g:\programming\oop\yes\snake game\snakegame\snakegame\x64\debug\vc143.pdb
g:\programming\oop\yes\snake game\snakegame\snakegame\x64\debug\vc143.idb
g:\programming\oop\yes\snake game\snakegame\snakegame\x64\debug\snakegame.obj
g:\programming\oop\yes\snake game\snakegame\snakegame\x64\debug\movement.obj
g:\programming\oop\yes\snake game\snakegame\snakegame\x64\debug\main.obj
g:\programming\oop\yes\snake game\snakegame\snakegame\x64\debug\graphics.obj
g:\programming\oop\yes\snake game\snakegame\snakegame\x64\debug\gameflow.obj
g:\programming\oop\yes\snake game\snakegame\snakegame\x64\debug\features.obj
g:\programming\oop\yes\snake game\snakegame\snakegame\x64\debug\corelogic.obj
g:\programming\oop\yes\snake game\snakegame\x64\debug\snakegame.exe
g:\programming\oop\yes\snake game\snakegame\x64\debug\snakegame.pdb
g:\programming\oop\yes\snake game\snakegame\snakegame\x64\debug\snakegame.ilk
g:\programming\oop\yes\snake game\snakegame\snakegame\x64\debug\snakegame.tlog\cl.command.1.tlog
g:\programming\oop\yes\snake game\snakegame\snakegame\x64\debug\snakegame.tlog\cl.items.tlog
g:\programming\oop\yes\snake game\snakegame\snakegame\x64\debug\snakegame.tlog\cl.read.1.tlog
g:\programming\oop\yes\snake game\snakegame\snakegame\x64\debug\snakegame.tlog\cl.write.1.tlog
g:\programming\oop\yes\snake game\snakegame\snakegame\x64\debug\snakegame.tlog\link.command.1.tlog
g:\programming\oop\yes\snake game\snakegame\snakegame\x64\debug\snakegame.tlog\link.read.1.tlog
g:\programming\oop\yes\snake game\snakegame\snakegame\x64\debug\snakegame.tlog\link.secondary.1.tlog
g:\programming\oop\yes\snake game\snakegame\snakegame\x64\debug\snakegame.tlog\link.write.1.tlog
